<?xml version="1.0" encoding="UTF-8"?>
<!-- Generated by org.testng.reporters.JUnitReportReporter -->
<testsuite hostname="NODE1688" failures="0" tests="7" name="day31.Demo4" time="0.008" errors="0" timestamp="2022-07-11T09:00:18 IST" skipped="0">
  <testcase classname="day31.Demo4" name="createUser2" time="0.001"/>
  <system-out>
    <![CDATA[Create 1]]>
  </system-out>
  <testcase classname="day31.Demo4" name="createUser" time="0.000"/>
  <system-out>
    <![CDATA[Create Chandra]]>
  </system-out>
  <testcase classname="day31.Demo4" name="createUser" time="0.001"/>
  <system-out>
    <![CDATA[Create Ravi]]>
  </system-out>
  <testcase classname="day31.Demo4" name="createUser2" time="0.001"/>
  <system-out>
    <![CDATA[Create Bhanu]]>
  </system-out>
  <testcase classname="day31.Demo4" name="createUser" time="0.004"/>
  <system-out>
    <![CDATA[Create Bhanu]]>
  </system-out>
  <testcase classname="day31.Demo4" name="createUser" time="0.000"/>
  <system-out>
    <![CDATA[Create Bhumi]]>
  </system-out>
  <testcase classname="day31.Demo4" name="createUser2" time="0.001"/>
  <system-out>
    <![CDATA[Create true]]>
  </system-out>
</testsuite> <!-- day31.Demo4 -->
