<?xml version="1.0" encoding="UTF-8"?>
<!-- Generated by org.testng.reporters.JUnitReportReporter -->
<testsuite hostname="NODE1688" failures="0" tests="4" name="day31.Demo5" time="0.007" errors="0" timestamp="2022-07-11T09:12:10 IST" skipped="0">
  <testcase classname="day31.Demo5" name="createUser" time="0.005"/>
  <system-out>
    <![CDATA[Create Bhanu]]>
  </system-out>
  <testcase classname="day31.Demo5" name="createUser" time="0.001"/>
  <system-out>
    <![CDATA[Create Chandra]]>
  </system-out>
  <testcase classname="day31.Demo5" name="createUser" time="0.000"/>
  <system-out>
    <![CDATA[Create Ravi]]>
  </system-out>
  <testcase classname="day31.Demo5" name="createUser" time="0.001"/>
  <system-out>
    <![CDATA[Create Bhumi]]>
  </system-out>
</testsuite> <!-- day31.Demo5 -->
