<?xml version="1.0" encoding="UTF-8"?>
<!-- Generated by org.testng.reporters.JUnitReportReporter -->
<testsuite hostname="NODE1688" failures="0" tests="1" name="day35.Demo3" time="15.429" errors="0" timestamp="2022-07-15T09:11:38 IST" skipped="0">
  <testcase classname="day35.Demo3" name="testA" time="15.429"/>
  <system-out/>
</testsuite> <!-- day35.Demo3 -->
