<?xml version="1.0" encoding="UTF-8"?>
<!-- Generated by org.testng.reporters.JUnitReportReporter -->
<testsuite hostname="NODE1688" failures="0" tests="1" name="day33.Demo8" time="0.000" errors="0" timestamp="2022-07-13T09:02:54 IST" skipped="0">
  <testcase classname="day33.Demo8" name="testB" time="0.000"/>
  <system-out>
    <![CDATA[testB]]>
  </system-out>
</testsuite> <!-- day33.Demo8 -->
