<?xml version="1.0" encoding="UTF-8"?>
<!-- Generated by org.testng.reporters.JUnitReportReporter -->
<testsuite hostname="NODE1688" failures="0" tests="3" name="day31.Demo3" time="0.006" errors="0" timestamp="2022-07-11T08:43:10 IST" skipped="0">
  <testcase classname="day31.Demo3" name="createUser" time="0.000"/>
  <system-out>
    <![CDATA[Create UserA]]>
  </system-out>
  <testcase classname="day31.Demo3" name="createUser" time="0.006"/>
  <system-out>
    <![CDATA[Create UserA]]>
  </system-out>
  <testcase classname="day31.Demo3" name="createUser" time="0.000"/>
  <system-out>
    <![CDATA[Create UserA]]>
  </system-out>
</testsuite> <!-- day31.Demo3 -->
