<?xml version="1.0" encoding="UTF-8"?>
<!-- Generated by org.testng.reporters.JUnitReportReporter -->
<testsuite hostname="NODE1688" failures="0" tests="1" name="day33.Demo5" time="0.004" errors="0" timestamp="2022-07-13T08:37:37 IST" skipped="0">
  <testcase classname="day33.Demo5" name="createUser" time="0.004"/>
  <system-out>
    <![CDATA[createUser]]>
  </system-out>
</testsuite> <!-- day33.Demo5 -->
