<?xml version="1.0" encoding="UTF-8"?>
<!-- Generated by org.testng.reporters.JUnitReportReporter -->
<testsuite hostname="NODE1688" failures="0" tests="1" name="day33.Demo7" time="0.004" errors="0" timestamp="2022-07-13T09:13:35 IST" skipped="0">
  <testcase classname="day33.Demo7" name="testA" time="0.004"/>
  <system-out>
    <![CDATA[testA]]>
  </system-out>
</testsuite> <!-- day33.Demo7 -->
