<?xml version="1.0" encoding="UTF-8"?>
<!-- Generated by org.testng.reporters.JUnitReportReporter -->
<testsuite hostname="NODE1688" failures="0" tests="3" name="day33.Demo4" time="0.011" errors="0" timestamp="2022-07-13T08:15:09 IST" skipped="0">
  <testcase classname="day33.Demo4" name="deleteUser" time="0.004"/>
  <system-out>
    <![CDATA[deleteUser]]>
  </system-out>
  <testcase classname="day33.Demo4" name="createUser" time="0.004"/>
  <system-out>
    <![CDATA[createUser]]>
  </system-out>
  <testcase classname="day33.Demo4" name="createUser" time="0.003"/>
  <system-out>
    <![CDATA[createUser]]>
  </system-out>
</testsuite> <!-- day33.Demo4 -->
