<?xml version="1.0" encoding="UTF-8"?>
<!-- Generated by org.testng.reporters.JUnitReportReporter -->
<testsuite hostname="NODE1688" failures="0" tests="1" name="day31.Demo1" time="0.012" errors="0" timestamp="2022-07-11T08:13:44 IST" skipped="0">
  <testcase classname="day31.Demo1" name="testA" time="0.012"/>
  <system-out>
    <![CDATA[This is testA 2
This is testA 2a
This is testA 3]]>
  </system-out>
</testsuite> <!-- day31.Demo1 -->
