<?xml version="1.0" encoding="UTF-8"?>
<!-- Generated by org.testng.reporters.JUnitReportReporter -->
<testsuite hostname="NODE1688" failures="0" tests="1" name="day34.Demo6" time="0.022" errors="0" timestamp="2022-07-14T09:11:23 IST" skipped="0">
  <testcase classname="day34.Demo6" name="testA" time="0.022"/>
  <system-out>
    <![CDATA[Bengaluru
Delhi]]>
  </system-out>
</testsuite> <!-- day34.Demo6 -->
