<?xml version="1.0" encoding="UTF-8"?>
<!-- Generated by org.testng.reporters.JUnitReportReporter -->
<testsuite hostname="NODE1688" failures="0" tests="1" name="day33.Demo3" time="0.001" errors="0" timestamp="2022-07-13T08:04:58 IST" skipped="0">
  <testcase classname="day33.Demo3" name="setUP" time="0.001"/>
  <system-out>
    <![CDATA[TestC]]>
  </system-out>
</testsuite> <!-- day33.Demo3 -->
