<?xml version="1.0" encoding="UTF-8"?>
<!-- Generated by org.testng.reporters.JUnitReportReporter -->
<testsuite hostname="NODE1688" failures="0" tests="3" name="day32.Demo2" time="0.006" errors="0" timestamp="2022-07-12T08:11:41 IST" skipped="0">
  <testcase classname="day32.Demo2" name="createUser" time="0.001"/>
  <system-out>
    <![CDATA[Create Ravi with pw:R123]]>
  </system-out>
  <testcase classname="day32.Demo2" name="createUser" time="0.005"/>
  <system-out>
    <![CDATA[Create Bhanu with pw:B123]]>
  </system-out>
  <testcase classname="day32.Demo2" name="createUser" time="0.000"/>
  <system-out>
    <![CDATA[Create Bhumi with pw:B456]]>
  </system-out>
</testsuite> <!-- day32.Demo2 -->
